[0m19:37:35.129425 [debug] [MainThread]: Sending event: {'category': 'dbt', 'action': 'invocation', 'label': 'start', 'context': [<snowplow_tracker.self_describing_json.SelfDescribingJson object at 0x0000022AB606B070>, <snowplow_tracker.self_describing_json.SelfDescribingJson object at 0x0000022AB88595D0>, <snowplow_tracker.self_describing_json.SelfDescribingJson object at 0x0000022AB88593F0>]}


============================== 19:37:35.145586 | ae499a65-bf65-4b5c-bbbc-6f473dc00eb8 ==============================
[0m19:37:35.145586 [info ] [MainThread]: Running with dbt=1.8.6
[0m19:37:35.145586 [debug] [MainThread]: running dbt with arguments {'printer_width': '80', 'indirect_selection': 'eager', 'write_json': 'True', 'log_cache_events': 'False', 'partial_parse': 'True', 'cache_selected_only': 'False', 'profiles_dir': 'C:\\Users\\Acer\\.dbt', 'version_check': 'True', 'debug': 'False', 'log_path': 'logs', 'fail_fast': 'False', 'warn_error': 'None', 'use_colors': 'True', 'use_experimental_parser': 'False', 'no_print': 'None', 'quiet': 'False', 'empty': 'None', 'warn_error_options': 'WarnErrorOptions(include=[], exclude=[])', 'invocation_command': 'dbt init instagrid', 'static_parser': 'True', 'introspect': 'True', 'target_path': 'None', 'log_format': 'default', 'send_anonymous_usage_stats': 'True'}
[0m19:37:35.489315 [debug] [MainThread]: Starter project path: C:\Users\Acer\OneDrive\Desktop\AU\dbt\dbt-env\lib\site-packages\dbt\include\starter_project
[0m19:37:35.628097 [info ] [MainThread]: 
Your new dbt project "instagrid" was created!

For more information on how to configure the profiles.yml file,
please consult the dbt documentation here:

  https://docs.getdbt.com/docs/configure-your-profile

One more thing:

Need help? Don't hesitate to reach out to us via GitHub issues or on Slack:

  https://community.getdbt.com/

Happy modeling!

[0m19:37:35.633554 [info ] [MainThread]: Setting up your profile.
[0m19:42:03.511717 [info ] [MainThread]: Profile instagrid written to C:\Users\Acer\.dbt\profiles.yml using target's profile_template.yml and your supplied values. Run 'dbt debug' to validate the connection.
[0m19:42:03.519692 [debug] [MainThread]: Command `dbt init` succeeded at 19:42:03.518743 after 268.59 seconds
[0m19:42:03.528125 [debug] [MainThread]: Sending event: {'category': 'dbt', 'action': 'invocation', 'label': 'end', 'context': [<snowplow_tracker.self_describing_json.SelfDescribingJson object at 0x0000022AB606B070>, <snowplow_tracker.self_describing_json.SelfDescribingJson object at 0x0000022AB8859570>, <snowplow_tracker.self_describing_json.SelfDescribingJson object at 0x0000022AB885BBB0>]}
[0m19:42:03.581474 [debug] [MainThread]: Flushing usage events
[0m19:42:14.629195 [debug] [MainThread]: Sending event: {'category': 'dbt', 'action': 'invocation', 'label': 'start', 'context': [<snowplow_tracker.self_describing_json.SelfDescribingJson object at 0x000001C469367160>, <snowplow_tracker.self_describing_json.SelfDescribingJson object at 0x000001C46BB4FAC0>, <snowplow_tracker.self_describing_json.SelfDescribingJson object at 0x000001C46BB4FCA0>]}


============================== 19:42:14.638190 | c9a0c689-516e-4ada-9b73-20e01463a5f3 ==============================
[0m19:42:14.638190 [info ] [MainThread]: Running with dbt=1.8.6
[0m19:42:14.641560 [debug] [MainThread]: running dbt with arguments {'printer_width': '80', 'indirect_selection': 'eager', 'log_cache_events': 'False', 'write_json': 'True', 'partial_parse': 'True', 'cache_selected_only': 'False', 'warn_error': 'None', 'debug': 'False', 'version_check': 'True', 'log_path': 'logs', 'fail_fast': 'False', 'profiles_dir': 'C:\\Users\\Acer\\.dbt', 'use_colors': 'True', 'use_experimental_parser': 'False', 'no_print': 'None', 'quiet': 'False', 'empty': 'None', 'log_format': 'default', 'invocation_command': 'dbt debug', 'static_parser': 'True', 'introspect': 'True', 'target_path': 'None', 'warn_error_options': 'WarnErrorOptions(include=[], exclude=[])', 'send_anonymous_usage_stats': 'True'}
[0m19:42:14.722094 [info ] [MainThread]: dbt version: 1.8.6
[0m19:42:14.724074 [info ] [MainThread]: python version: 3.10.11
[0m19:42:14.727105 [info ] [MainThread]: python path: C:\Users\Acer\OneDrive\Desktop\AU\dbt\dbt-env\Scripts\python.exe
[0m19:42:14.729351 [info ] [MainThread]: os info: Windows-10-10.0.22631-SP0
[0m19:42:14.854053 [info ] [MainThread]: Error importing adapter: No module named 'dbt.adapters.bigquery'
[0m19:42:14.857638 [info ] [MainThread]: Using profiles dir at C:\Users\Acer\.dbt
[0m19:42:14.859620 [info ] [MainThread]: Using profiles.yml file at C:\Users\Acer\.dbt\profiles.yml
[0m19:42:14.860622 [info ] [MainThread]: Using dbt_project.yml file at C:\Users\Acer\OneDrive\Desktop\AU\dbt\dbt-postgres\dbt_project.yml
[0m19:42:14.862168 [info ] [MainThread]: Configuration:
[0m19:42:14.865192 [info ] [MainThread]:   profiles.yml file [[31mERROR invalid[0m]
[0m19:42:14.866765 [info ] [MainThread]:   dbt_project.yml file [[31mERROR not found[0m]
[0m19:42:14.869771 [info ] [MainThread]: Required dependencies:
[0m19:42:14.870769 [debug] [MainThread]: Executing "git --help"
[0m19:42:15.000858 [debug] [MainThread]: STDOUT: "b"usage: git [--version] [--help] [-C <path>] [-c <name>=<value>]\n           [--exec-path[=<path>]] [--html-path] [--man-path] [--info-path]\n           [-p | --paginate | -P | --no-pager] [--no-replace-objects] [--bare]\n           [--git-dir=<path>] [--work-tree=<path>] [--namespace=<name>]\n           [--super-prefix=<path>] [--config-env=<name>=<envvar>]\n           <command> [<args>]\n\nThese are common Git commands used in various situations:\n\nstart a working area (see also: git help tutorial)\n   clone     Clone a repository into a new directory\n   init      Create an empty Git repository or reinitialize an existing one\n\nwork on the current change (see also: git help everyday)\n   add       Add file contents to the index\n   mv        Move or rename a file, a directory, or a symlink\n   restore   Restore working tree files\n   rm        Remove files from the working tree and from the index\n\nexamine the history and state (see also: git help revisions)\n   bisect    Use binary search to find the commit that introduced a bug\n   diff      Show changes between commits, commit and working tree, etc\n   grep      Print lines matching a pattern\n   log       Show commit logs\n   show      Show various types of objects\n   status    Show the working tree status\n\ngrow, mark and tweak your common history\n   branch    List, create, or delete branches\n   commit    Record changes to the repository\n   merge     Join two or more development histories together\n   rebase    Reapply commits on top of another base tip\n   reset     Reset current HEAD to the specified state\n   switch    Switch branches\n   tag       Create, list, delete or verify a tag object signed with GPG\n\ncollaborate (see also: git help workflows)\n   fetch     Download objects and refs from another repository\n   pull      Fetch from and integrate with another repository or a local branch\n   push      Update remote refs along with associated objects\n\n'git help -a' and 'git help -g' list available subcommands and some\nconcept guides. See 'git help <command>' or 'git help <concept>'\nto read about a specific subcommand or concept.\nSee 'git help git' for an overview of the system.\n""
[0m19:42:15.004988 [debug] [MainThread]: STDERR: "b''"
[0m19:42:15.007328 [info ] [MainThread]:  - git [[32mOK found[0m]

[0m19:42:15.010330 [info ] [MainThread]: Connection test skipped since no profile was found
[0m19:42:15.012328 [info ] [MainThread]: [31m2 checks failed:[0m
[0m19:42:15.014333 [info ] [MainThread]: Could not load dbt_project.yml
Profile loading failed for the following reason:
Runtime Error
  Credentials in profile "dbtbigquery", target "dev" invalid: Runtime Error
    Could not find adapter type bigquery!


[0m19:42:15.019331 [info ] [MainThread]: Project loading failed for the following reason:
 project path <C:\Users\Acer\OneDrive\Desktop\AU\dbt\dbt-postgres\dbt_project.yml> not found

[0m19:42:15.025722 [debug] [MainThread]: Command `dbt debug` failed at 19:42:15.024766 after 0.59 seconds
[0m19:42:15.027722 [debug] [MainThread]: Sending event: {'category': 'dbt', 'action': 'invocation', 'label': 'end', 'context': [<snowplow_tracker.self_describing_json.SelfDescribingJson object at 0x000001C469367160>, <snowplow_tracker.self_describing_json.SelfDescribingJson object at 0x000001C46BB4FCA0>, <snowplow_tracker.self_describing_json.SelfDescribingJson object at 0x000001C46BAE1D80>]}
[0m19:42:15.029737 [debug] [MainThread]: Flushing usage events
[0m19:53:57.380212 [debug] [MainThread]: Sending event: {'category': 'dbt', 'action': 'invocation', 'label': 'start', 'context': [<snowplow_tracker.self_describing_json.SelfDescribingJson object at 0x000001AE99E6B130>, <snowplow_tracker.self_describing_json.SelfDescribingJson object at 0x000001AE9C64FB20>, <snowplow_tracker.self_describing_json.SelfDescribingJson object at 0x000001AE9C64FD00>]}


============================== 19:53:57.392092 | 37f35600-ffd3-4cd9-8da2-2086deba492b ==============================
[0m19:53:57.392092 [info ] [MainThread]: Running with dbt=1.8.6
[0m19:53:57.395113 [debug] [MainThread]: running dbt with arguments {'printer_width': '80', 'indirect_selection': 'eager', 'log_cache_events': 'False', 'write_json': 'True', 'partial_parse': 'True', 'cache_selected_only': 'False', 'warn_error': 'None', 'debug': 'False', 'fail_fast': 'False', 'log_path': 'logs', 'profiles_dir': 'C:\\Users\\Acer\\.dbt', 'version_check': 'True', 'use_colors': 'True', 'use_experimental_parser': 'False', 'empty': 'None', 'quiet': 'False', 'no_print': 'None', 'warn_error_options': 'WarnErrorOptions(include=[], exclude=[])', 'invocation_command': 'dbt debug', 'introspect': 'True', 'log_format': 'default', 'target_path': 'None', 'static_parser': 'True', 'send_anonymous_usage_stats': 'True'}
[0m19:53:57.486636 [info ] [MainThread]: dbt version: 1.8.6
[0m19:53:57.489615 [info ] [MainThread]: python version: 3.10.11
[0m19:53:57.493614 [info ] [MainThread]: python path: C:\Users\Acer\OneDrive\Desktop\AU\dbt\dbt-env\Scripts\python.exe
[0m19:53:57.498623 [info ] [MainThread]: os info: Windows-10-10.0.22631-SP0
[0m19:53:57.662987 [info ] [MainThread]: Using profiles dir at C:\Users\Acer\.dbt
[0m19:53:57.664706 [info ] [MainThread]: Using profiles.yml file at C:\Users\Acer\.dbt\profiles.yml
[0m19:53:57.665712 [info ] [MainThread]: Using dbt_project.yml file at C:\Users\Acer\OneDrive\Desktop\AU\dbt\dbt-postgres\dbt_project.yml
[0m19:53:57.687717 [info ] [MainThread]: adapter type: postgres
[0m19:53:57.689722 [info ] [MainThread]: adapter version: 1.8.2
[0m19:53:57.694804 [info ] [MainThread]: Configuration:
[0m19:53:57.695706 [info ] [MainThread]:   profiles.yml file [[32mOK found and valid[0m]
[0m19:53:57.698074 [info ] [MainThread]:   dbt_project.yml file [[31mERROR not found[0m]
[0m19:53:57.698846 [info ] [MainThread]: Required dependencies:
[0m19:53:57.701865 [debug] [MainThread]: Executing "git --help"
[0m19:53:57.817603 [debug] [MainThread]: STDOUT: "b"usage: git [--version] [--help] [-C <path>] [-c <name>=<value>]\n           [--exec-path[=<path>]] [--html-path] [--man-path] [--info-path]\n           [-p | --paginate | -P | --no-pager] [--no-replace-objects] [--bare]\n           [--git-dir=<path>] [--work-tree=<path>] [--namespace=<name>]\n           [--super-prefix=<path>] [--config-env=<name>=<envvar>]\n           <command> [<args>]\n\nThese are common Git commands used in various situations:\n\nstart a working area (see also: git help tutorial)\n   clone     Clone a repository into a new directory\n   init      Create an empty Git repository or reinitialize an existing one\n\nwork on the current change (see also: git help everyday)\n   add       Add file contents to the index\n   mv        Move or rename a file, a directory, or a symlink\n   restore   Restore working tree files\n   rm        Remove files from the working tree and from the index\n\nexamine the history and state (see also: git help revisions)\n   bisect    Use binary search to find the commit that introduced a bug\n   diff      Show changes between commits, commit and working tree, etc\n   grep      Print lines matching a pattern\n   log       Show commit logs\n   show      Show various types of objects\n   status    Show the working tree status\n\ngrow, mark and tweak your common history\n   branch    List, create, or delete branches\n   commit    Record changes to the repository\n   merge     Join two or more development histories together\n   rebase    Reapply commits on top of another base tip\n   reset     Reset current HEAD to the specified state\n   switch    Switch branches\n   tag       Create, list, delete or verify a tag object signed with GPG\n\ncollaborate (see also: git help workflows)\n   fetch     Download objects and refs from another repository\n   pull      Fetch from and integrate with another repository or a local branch\n   push      Update remote refs along with associated objects\n\n'git help -a' and 'git help -g' list available subcommands and some\nconcept guides. See 'git help <command>' or 'git help <concept>'\nto read about a specific subcommand or concept.\nSee 'git help git' for an overview of the system.\n""
[0m19:53:57.819596 [debug] [MainThread]: STDERR: "b''"
[0m19:53:57.821551 [info ] [MainThread]:  - git [[32mOK found[0m]

[0m19:53:57.824563 [info ] [MainThread]: Connection:
[0m19:53:57.826550 [info ] [MainThread]:   host: localhost
[0m19:53:57.829551 [info ] [MainThread]:   port: 5435
[0m19:53:57.833548 [info ] [MainThread]:   user: root
[0m19:53:57.836567 [info ] [MainThread]:   database: instagrid
[0m19:53:57.840555 [info ] [MainThread]:   schema: dbt-postgres
[0m19:53:57.846552 [info ] [MainThread]:   connect_timeout: 10
[0m19:53:57.851558 [info ] [MainThread]:   role: None
[0m19:53:57.858553 [info ] [MainThread]:   search_path: None
[0m19:53:57.861553 [info ] [MainThread]:   keepalives_idle: 0
[0m19:53:57.865558 [info ] [MainThread]:   sslmode: None
[0m19:53:57.869568 [info ] [MainThread]:   sslcert: None
[0m19:53:57.876552 [info ] [MainThread]:   sslkey: None
[0m19:53:57.880554 [info ] [MainThread]:   sslrootcert: None
[0m19:53:57.887582 [info ] [MainThread]:   application_name: dbt
[0m19:53:57.893551 [info ] [MainThread]:   retries: 1
[0m19:53:57.896561 [info ] [MainThread]: Registered adapter: postgres=1.8.2
[0m19:53:57.903582 [debug] [MainThread]: Acquiring new postgres connection 'debug'
[0m19:54:00.270049 [debug] [MainThread]: Using postgres connection "debug"
[0m19:54:00.275051 [debug] [MainThread]: On debug: select 1 as id
[0m19:54:00.276050 [debug] [MainThread]: Opening a new connection, currently in state init
[0m19:54:00.370577 [debug] [MainThread]: Postgres adapter: Got a retryable error when attempting to open a postgres connection.
1 attempts remaining. Retrying in 0 seconds.
Error:
connection to server at "localhost" (::1), port 5435 failed: FATAL:  password authentication failed for user "root"

[0m19:54:00.421248 [debug] [MainThread]: Postgres adapter: Error running SQL: select 1 as id
[0m19:54:00.423254 [debug] [MainThread]: Postgres adapter: Rolling back transaction.
[0m19:54:00.425254 [debug] [MainThread]: On debug: No close available on handle
[0m19:54:00.426253 [info ] [MainThread]:   Connection test: [[31mERROR[0m]

[0m19:54:00.428250 [info ] [MainThread]: [31m2 checks failed:[0m
[0m19:54:00.430256 [info ] [MainThread]: Project loading failed for the following reason:
 project path <C:\Users\Acer\OneDrive\Desktop\AU\dbt\dbt-postgres\dbt_project.yml> not found

[0m19:54:00.432250 [info ] [MainThread]: dbt was unable to connect to the specified database.
The database returned the following error:

  >Database Error
  connection to server at "localhost" (::1), port 5435 failed: FATAL:  password authentication failed for user "root"
  

Check your database credentials and try again. For more information, visit:
https://docs.getdbt.com/docs/configure-your-profile


[0m19:54:00.438501 [debug] [MainThread]: Command `dbt debug` failed at 19:54:00.438501 after 3.20 seconds
[0m19:54:00.439498 [debug] [MainThread]: Connection 'debug' was properly closed.
[0m19:54:00.440488 [debug] [MainThread]: Sending event: {'category': 'dbt', 'action': 'invocation', 'label': 'end', 'context': [<snowplow_tracker.self_describing_json.SelfDescribingJson object at 0x000001AE99E6B130>, <snowplow_tracker.self_describing_json.SelfDescribingJson object at 0x000001AE9C5E02B0>, <snowplow_tracker.self_describing_json.SelfDescribingJson object at 0x000001AE9C7B5D50>]}
[0m19:54:00.442487 [debug] [MainThread]: Flushing usage events
[0m18:36:39.675412 [debug] [MainThread]: Sending event: {'category': 'dbt', 'action': 'invocation', 'label': 'start', 'context': [<snowplow_tracker.self_describing_json.SelfDescribingJson object at 0x000002607526B0D0>, <snowplow_tracker.self_describing_json.SelfDescribingJson object at 0x0000026077A5AB90>, <snowplow_tracker.self_describing_json.SelfDescribingJson object at 0x0000026077A5A9B0>]}


============================== 18:36:39.692609 | 1bc4ed59-02ef-4d5f-97f5-20cc777fd78e ==============================
[0m18:36:39.692609 [info ] [MainThread]: Running with dbt=1.8.6
[0m18:36:39.692609 [debug] [MainThread]: running dbt with arguments {'printer_width': '80', 'indirect_selection': 'eager', 'write_json': 'True', 'log_cache_events': 'False', 'partial_parse': 'True', 'cache_selected_only': 'False', 'profiles_dir': 'C:\\Users\\Acer\\.dbt', 'version_check': 'True', 'fail_fast': 'False', 'log_path': 'logs', 'debug': 'False', 'warn_error': 'None', 'use_colors': 'True', 'use_experimental_parser': 'False', 'no_print': 'None', 'quiet': 'False', 'empty': 'None', 'log_format': 'default', 'introspect': 'True', 'invocation_command': 'dbt debug', 'warn_error_options': 'WarnErrorOptions(include=[], exclude=[])', 'target_path': 'None', 'static_parser': 'True', 'send_anonymous_usage_stats': 'True'}
[0m18:36:39.911431 [info ] [MainThread]: dbt version: 1.8.6
[0m18:36:39.912436 [info ] [MainThread]: python version: 3.10.11
[0m18:36:39.913431 [info ] [MainThread]: python path: C:\Users\Acer\OneDrive\Desktop\AU\dbt\dbt-env\Scripts\python.exe
[0m18:36:39.915431 [info ] [MainThread]: os info: Windows-10-10.0.22631-SP0
[0m18:36:40.281642 [info ] [MainThread]: Using profiles dir at C:\Users\Acer\.dbt
[0m18:36:40.283599 [info ] [MainThread]: Using profiles.yml file at C:\Users\Acer\.dbt\profiles.yml
[0m18:36:40.283996 [info ] [MainThread]: Using dbt_project.yml file at C:\Users\Acer\OneDrive\Desktop\AU\dbt\dbt-postgres\dbt_project.yml
[0m18:36:40.283996 [info ] [MainThread]: adapter type: postgres
[0m18:36:40.283996 [info ] [MainThread]: adapter version: 1.8.2
[0m18:36:40.294437 [info ] [MainThread]: Configuration:
[0m18:36:40.296482 [info ] [MainThread]:   profiles.yml file [[32mOK found and valid[0m]
[0m18:36:40.297449 [info ] [MainThread]:   dbt_project.yml file [[31mERROR not found[0m]
[0m18:36:40.298450 [info ] [MainThread]: Required dependencies:
[0m18:36:40.300734 [debug] [MainThread]: Executing "git --help"
[0m18:36:40.381943 [debug] [MainThread]: STDOUT: "b"usage: git [--version] [--help] [-C <path>] [-c <name>=<value>]\n           [--exec-path[=<path>]] [--html-path] [--man-path] [--info-path]\n           [-p | --paginate | -P | --no-pager] [--no-replace-objects] [--bare]\n           [--git-dir=<path>] [--work-tree=<path>] [--namespace=<name>]\n           [--super-prefix=<path>] [--config-env=<name>=<envvar>]\n           <command> [<args>]\n\nThese are common Git commands used in various situations:\n\nstart a working area (see also: git help tutorial)\n   clone     Clone a repository into a new directory\n   init      Create an empty Git repository or reinitialize an existing one\n\nwork on the current change (see also: git help everyday)\n   add       Add file contents to the index\n   mv        Move or rename a file, a directory, or a symlink\n   restore   Restore working tree files\n   rm        Remove files from the working tree and from the index\n\nexamine the history and state (see also: git help revisions)\n   bisect    Use binary search to find the commit that introduced a bug\n   diff      Show changes between commits, commit and working tree, etc\n   grep      Print lines matching a pattern\n   log       Show commit logs\n   show      Show various types of objects\n   status    Show the working tree status\n\ngrow, mark and tweak your common history\n   branch    List, create, or delete branches\n   commit    Record changes to the repository\n   merge     Join two or more development histories together\n   rebase    Reapply commits on top of another base tip\n   reset     Reset current HEAD to the specified state\n   switch    Switch branches\n   tag       Create, list, delete or verify a tag object signed with GPG\n\ncollaborate (see also: git help workflows)\n   fetch     Download objects and refs from another repository\n   pull      Fetch from and integrate with another repository or a local branch\n   push      Update remote refs along with associated objects\n\n'git help -a' and 'git help -g' list available subcommands and some\nconcept guides. See 'git help <command>' or 'git help <concept>'\nto read about a specific subcommand or concept.\nSee 'git help git' for an overview of the system.\n""
[0m18:36:40.382960 [debug] [MainThread]: STDERR: "b''"
[0m18:36:40.384205 [info ] [MainThread]:  - git [[32mOK found[0m]

[0m18:36:40.386216 [info ] [MainThread]: Connection:
[0m18:36:40.387212 [info ] [MainThread]:   host: localhost
[0m18:36:40.389215 [info ] [MainThread]:   port: 5435
[0m18:36:40.390215 [info ] [MainThread]:   user: root
[0m18:36:40.391214 [info ] [MainThread]:   database: instagrid
[0m18:36:40.393279 [info ] [MainThread]:   schema: dbt-postgres
[0m18:36:40.394280 [info ] [MainThread]:   connect_timeout: 10
[0m18:36:40.396278 [info ] [MainThread]:   role: None
[0m18:36:40.397282 [info ] [MainThread]:   search_path: None
[0m18:36:40.398277 [info ] [MainThread]:   keepalives_idle: 0
[0m18:36:40.400279 [info ] [MainThread]:   sslmode: None
[0m18:36:40.401767 [info ] [MainThread]:   sslcert: None
[0m18:36:40.402766 [info ] [MainThread]:   sslkey: None
[0m18:36:40.404765 [info ] [MainThread]:   sslrootcert: None
[0m18:36:40.405766 [info ] [MainThread]:   application_name: dbt
[0m18:36:40.406768 [info ] [MainThread]:   retries: 1
[0m18:36:40.408764 [info ] [MainThread]: Registered adapter: postgres=1.8.2
[0m18:36:40.409771 [debug] [MainThread]: Acquiring new postgres connection 'debug'
[0m18:36:42.671487 [debug] [MainThread]: Using postgres connection "debug"
[0m18:36:42.671487 [debug] [MainThread]: On debug: select 1 as id
[0m18:36:42.671487 [debug] [MainThread]: Opening a new connection, currently in state init
[0m18:36:42.718917 [debug] [MainThread]: Postgres adapter: Got a retryable error when attempting to open a postgres connection.
1 attempts remaining. Retrying in 0 seconds.
Error:
connection to server at "localhost" (::1), port 5435 failed: FATAL:  password authentication failed for user "root"

[0m18:36:42.767010 [debug] [MainThread]: Postgres adapter: Error running SQL: select 1 as id
[0m18:36:42.768286 [debug] [MainThread]: Postgres adapter: Rolling back transaction.
[0m18:36:42.769447 [debug] [MainThread]: On debug: No close available on handle
[0m18:36:42.770521 [info ] [MainThread]:   Connection test: [[31mERROR[0m]

[0m18:36:42.770521 [info ] [MainThread]: [31m2 checks failed:[0m
[0m18:36:42.770521 [info ] [MainThread]: Project loading failed for the following reason:
 project path <C:\Users\Acer\OneDrive\Desktop\AU\dbt\dbt-postgres\dbt_project.yml> not found

[0m18:36:42.770521 [info ] [MainThread]: dbt was unable to connect to the specified database.
The database returned the following error:

  >Database Error
  connection to server at "localhost" (::1), port 5435 failed: FATAL:  password authentication failed for user "root"
  

Check your database credentials and try again. For more information, visit:
https://docs.getdbt.com/docs/configure-your-profile


[0m18:36:42.778937 [debug] [MainThread]: Command `dbt debug` failed at 18:36:42.778937 after 3.23 seconds
[0m18:36:42.779969 [debug] [MainThread]: Connection 'debug' was properly closed.
[0m18:36:42.781537 [debug] [MainThread]: Sending event: {'category': 'dbt', 'action': 'invocation', 'label': 'end', 'context': [<snowplow_tracker.self_describing_json.SelfDescribingJson object at 0x000002607526B0D0>, <snowplow_tracker.self_describing_json.SelfDescribingJson object at 0x0000026077BB9630>, <snowplow_tracker.self_describing_json.SelfDescribingJson object at 0x0000026077BB8BB0>]}
[0m18:36:42.783788 [debug] [MainThread]: Flushing usage events
[0m18:37:06.314272 [debug] [MainThread]: Sending event: {'category': 'dbt', 'action': 'invocation', 'label': 'start', 'context': [<snowplow_tracker.self_describing_json.SelfDescribingJson object at 0x0000027E3A26B100>, <snowplow_tracker.self_describing_json.SelfDescribingJson object at 0x0000027E3CC4FB20>, <snowplow_tracker.self_describing_json.SelfDescribingJson object at 0x0000027E3CC4FD00>]}


============================== 18:37:06.314272 | df207219-92a2-4181-ae0a-299fa65ab7e7 ==============================
[0m18:37:06.314272 [info ] [MainThread]: Running with dbt=1.8.6
[0m18:37:06.321781 [debug] [MainThread]: running dbt with arguments {'printer_width': '80', 'indirect_selection': 'eager', 'write_json': 'True', 'log_cache_events': 'False', 'partial_parse': 'True', 'cache_selected_only': 'False', 'profiles_dir': 'C:\\Users\\Acer\\.dbt', 'fail_fast': 'False', 'warn_error': 'None', 'log_path': 'logs', 'version_check': 'True', 'debug': 'False', 'use_colors': 'True', 'use_experimental_parser': 'False', 'empty': 'None', 'quiet': 'False', 'no_print': 'None', 'warn_error_options': 'WarnErrorOptions(include=[], exclude=[])', 'static_parser': 'True', 'log_format': 'default', 'invocation_command': 'dbt debug', 'target_path': 'None', 'introspect': 'True', 'send_anonymous_usage_stats': 'True'}
[0m18:37:06.348208 [info ] [MainThread]: dbt version: 1.8.6
[0m18:37:06.350524 [info ] [MainThread]: python version: 3.10.11
[0m18:37:06.351847 [info ] [MainThread]: python path: C:\Users\Acer\OneDrive\Desktop\AU\dbt\dbt-env\Scripts\python.exe
[0m18:37:06.352883 [info ] [MainThread]: os info: Windows-10-10.0.22631-SP0
[0m18:37:06.431903 [info ] [MainThread]: Using profiles dir at C:\Users\Acer\.dbt
[0m18:37:06.432904 [info ] [MainThread]: Using profiles.yml file at C:\Users\Acer\.dbt\profiles.yml
[0m18:37:06.433984 [info ] [MainThread]: Using dbt_project.yml file at C:\Users\Acer\OneDrive\Desktop\AU\dbt\dbt-postgres\dbt_project.yml
[0m18:37:06.435997 [info ] [MainThread]: adapter type: postgres
[0m18:37:06.436886 [info ] [MainThread]: adapter version: 1.8.2
[0m18:37:06.438898 [info ] [MainThread]: Configuration:
[0m18:37:06.440209 [info ] [MainThread]:   profiles.yml file [[32mOK found and valid[0m]
[0m18:37:06.441208 [info ] [MainThread]:   dbt_project.yml file [[31mERROR not found[0m]
[0m18:37:06.442208 [info ] [MainThread]: Required dependencies:
[0m18:37:06.443208 [debug] [MainThread]: Executing "git --help"
[0m18:37:06.499652 [debug] [MainThread]: STDOUT: "b"usage: git [--version] [--help] [-C <path>] [-c <name>=<value>]\n           [--exec-path[=<path>]] [--html-path] [--man-path] [--info-path]\n           [-p | --paginate | -P | --no-pager] [--no-replace-objects] [--bare]\n           [--git-dir=<path>] [--work-tree=<path>] [--namespace=<name>]\n           [--super-prefix=<path>] [--config-env=<name>=<envvar>]\n           <command> [<args>]\n\nThese are common Git commands used in various situations:\n\nstart a working area (see also: git help tutorial)\n   clone     Clone a repository into a new directory\n   init      Create an empty Git repository or reinitialize an existing one\n\nwork on the current change (see also: git help everyday)\n   add       Add file contents to the index\n   mv        Move or rename a file, a directory, or a symlink\n   restore   Restore working tree files\n   rm        Remove files from the working tree and from the index\n\nexamine the history and state (see also: git help revisions)\n   bisect    Use binary search to find the commit that introduced a bug\n   diff      Show changes between commits, commit and working tree, etc\n   grep      Print lines matching a pattern\n   log       Show commit logs\n   show      Show various types of objects\n   status    Show the working tree status\n\ngrow, mark and tweak your common history\n   branch    List, create, or delete branches\n   commit    Record changes to the repository\n   merge     Join two or more development histories together\n   rebase    Reapply commits on top of another base tip\n   reset     Reset current HEAD to the specified state\n   switch    Switch branches\n   tag       Create, list, delete or verify a tag object signed with GPG\n\ncollaborate (see also: git help workflows)\n   fetch     Download objects and refs from another repository\n   pull      Fetch from and integrate with another repository or a local branch\n   push      Update remote refs along with associated objects\n\n'git help -a' and 'git help -g' list available subcommands and some\nconcept guides. See 'git help <command>' or 'git help <concept>'\nto read about a specific subcommand or concept.\nSee 'git help git' for an overview of the system.\n""
[0m18:37:06.500662 [debug] [MainThread]: STDERR: "b''"
[0m18:37:06.501661 [info ] [MainThread]:  - git [[32mOK found[0m]

[0m18:37:06.503230 [info ] [MainThread]: Connection:
[0m18:37:06.504227 [info ] [MainThread]:   host: localhost
[0m18:37:06.505231 [info ] [MainThread]:   port: 5435
[0m18:37:06.506229 [info ] [MainThread]:   user: postgres
[0m18:37:06.507412 [info ] [MainThread]:   database: instagrid
[0m18:37:06.509426 [info ] [MainThread]:   schema: dbt-postgres
[0m18:37:06.511430 [info ] [MainThread]:   connect_timeout: 10
[0m18:37:06.512425 [info ] [MainThread]:   role: None
[0m18:37:06.515608 [info ] [MainThread]:   search_path: None
[0m18:37:06.518415 [info ] [MainThread]:   keepalives_idle: 0
[0m18:37:06.519851 [info ] [MainThread]:   sslmode: None
[0m18:37:06.521478 [info ] [MainThread]:   sslcert: None
[0m18:37:06.522474 [info ] [MainThread]:   sslkey: None
[0m18:37:06.522474 [info ] [MainThread]:   sslrootcert: None
[0m18:37:06.522474 [info ] [MainThread]:   application_name: dbt
[0m18:37:06.522474 [info ] [MainThread]:   retries: 1
[0m18:37:06.527625 [info ] [MainThread]: Registered adapter: postgres=1.8.2
[0m18:37:06.529236 [debug] [MainThread]: Acquiring new postgres connection 'debug'
[0m18:37:06.631181 [debug] [MainThread]: Using postgres connection "debug"
[0m18:37:06.631181 [debug] [MainThread]: On debug: select 1 as id
[0m18:37:06.631181 [debug] [MainThread]: Opening a new connection, currently in state init
[0m18:37:06.679592 [debug] [MainThread]: Postgres adapter: Got a retryable error when attempting to open a postgres connection.
1 attempts remaining. Retrying in 0 seconds.
Error:
connection to server at "localhost" (::1), port 5435 failed: FATAL:  database "instagrid" does not exist

[0m18:37:06.713896 [debug] [MainThread]: Postgres adapter: Error running SQL: select 1 as id
[0m18:37:06.715260 [debug] [MainThread]: Postgres adapter: Rolling back transaction.
[0m18:37:06.716299 [debug] [MainThread]: On debug: No close available on handle
[0m18:37:06.717315 [info ] [MainThread]:   Connection test: [[31mERROR[0m]

[0m18:37:06.719304 [info ] [MainThread]: [31m2 checks failed:[0m
[0m18:37:06.719720 [info ] [MainThread]: Project loading failed for the following reason:
 project path <C:\Users\Acer\OneDrive\Desktop\AU\dbt\dbt-postgres\dbt_project.yml> not found

[0m18:37:06.721735 [info ] [MainThread]: dbt was unable to connect to the specified database.
The database returned the following error:

  >Database Error
  connection to server at "localhost" (::1), port 5435 failed: FATAL:  database "instagrid" does not exist
  

Check your database credentials and try again. For more information, visit:
https://docs.getdbt.com/docs/configure-your-profile


[0m18:37:06.724737 [debug] [MainThread]: Command `dbt debug` failed at 18:37:06.723734 after 0.51 seconds
[0m18:37:06.724737 [debug] [MainThread]: Connection 'debug' was properly closed.
[0m18:37:06.726144 [debug] [MainThread]: Sending event: {'category': 'dbt', 'action': 'invocation', 'label': 'end', 'context': [<snowplow_tracker.self_describing_json.SelfDescribingJson object at 0x0000027E3A26B100>, <snowplow_tracker.self_describing_json.SelfDescribingJson object at 0x0000027E3CC1F5B0>, <snowplow_tracker.self_describing_json.SelfDescribingJson object at 0x0000027E3CC1D090>]}
[0m18:37:06.726144 [debug] [MainThread]: Flushing usage events
[0m18:43:48.653510 [debug] [MainThread]: Sending event: {'category': 'dbt', 'action': 'invocation', 'label': 'start', 'context': [<snowplow_tracker.self_describing_json.SelfDescribingJson object at 0x000001C3C8E7B0D0>, <snowplow_tracker.self_describing_json.SelfDescribingJson object at 0x000001C3CB75AB30>, <snowplow_tracker.self_describing_json.SelfDescribingJson object at 0x000001C3CB75A950>]}


============================== 18:43:48.658477 | 7d518bb5-e343-4175-bc64-f34fec7dbd73 ==============================
[0m18:43:48.658477 [info ] [MainThread]: Running with dbt=1.8.6
[0m18:43:48.660474 [debug] [MainThread]: running dbt with arguments {'printer_width': '80', 'indirect_selection': 'eager', 'write_json': 'True', 'log_cache_events': 'False', 'partial_parse': 'True', 'cache_selected_only': 'False', 'profiles_dir': 'C:\\Users\\Acer\\.dbt', 'debug': 'False', 'warn_error': 'None', 'log_path': 'logs', 'version_check': 'True', 'fail_fast': 'False', 'use_colors': 'True', 'use_experimental_parser': 'False', 'no_print': 'None', 'quiet': 'False', 'empty': 'None', 'warn_error_options': 'WarnErrorOptions(include=[], exclude=[])', 'introspect': 'True', 'invocation_command': 'dbt debug', 'static_parser': 'True', 'target_path': 'None', 'log_format': 'default', 'send_anonymous_usage_stats': 'True'}
[0m18:43:48.688405 [info ] [MainThread]: dbt version: 1.8.6
[0m18:43:48.689097 [info ] [MainThread]: python version: 3.10.11
[0m18:43:48.690530 [info ] [MainThread]: python path: C:\Users\Acer\OneDrive\Desktop\AU\dbt\dbt-env\Scripts\python.exe
[0m18:43:48.692541 [info ] [MainThread]: os info: Windows-10-10.0.22631-SP0
[0m18:43:48.777956 [info ] [MainThread]: Using profiles dir at C:\Users\Acer\.dbt
[0m18:43:48.778960 [info ] [MainThread]: Using profiles.yml file at C:\Users\Acer\.dbt\profiles.yml
[0m18:43:48.780958 [info ] [MainThread]: Using dbt_project.yml file at C:\Users\Acer\OneDrive\Desktop\AU\dbt\dbt-postgres\dbt_project.yml
[0m18:43:48.783260 [info ] [MainThread]: adapter type: postgres
[0m18:43:48.785660 [info ] [MainThread]: adapter version: 1.8.2
[0m18:43:48.787669 [info ] [MainThread]: Configuration:
[0m18:43:48.789668 [info ] [MainThread]:   profiles.yml file [[32mOK found and valid[0m]
[0m18:43:48.790671 [info ] [MainThread]:   dbt_project.yml file [[31mERROR not found[0m]
[0m18:43:48.791672 [info ] [MainThread]: Required dependencies:
[0m18:43:48.793672 [debug] [MainThread]: Executing "git --help"
[0m18:43:48.866550 [debug] [MainThread]: STDOUT: "b"usage: git [--version] [--help] [-C <path>] [-c <name>=<value>]\n           [--exec-path[=<path>]] [--html-path] [--man-path] [--info-path]\n           [-p | --paginate | -P | --no-pager] [--no-replace-objects] [--bare]\n           [--git-dir=<path>] [--work-tree=<path>] [--namespace=<name>]\n           [--super-prefix=<path>] [--config-env=<name>=<envvar>]\n           <command> [<args>]\n\nThese are common Git commands used in various situations:\n\nstart a working area (see also: git help tutorial)\n   clone     Clone a repository into a new directory\n   init      Create an empty Git repository or reinitialize an existing one\n\nwork on the current change (see also: git help everyday)\n   add       Add file contents to the index\n   mv        Move or rename a file, a directory, or a symlink\n   restore   Restore working tree files\n   rm        Remove files from the working tree and from the index\n\nexamine the history and state (see also: git help revisions)\n   bisect    Use binary search to find the commit that introduced a bug\n   diff      Show changes between commits, commit and working tree, etc\n   grep      Print lines matching a pattern\n   log       Show commit logs\n   show      Show various types of objects\n   status    Show the working tree status\n\ngrow, mark and tweak your common history\n   branch    List, create, or delete branches\n   commit    Record changes to the repository\n   merge     Join two or more development histories together\n   rebase    Reapply commits on top of another base tip\n   reset     Reset current HEAD to the specified state\n   switch    Switch branches\n   tag       Create, list, delete or verify a tag object signed with GPG\n\ncollaborate (see also: git help workflows)\n   fetch     Download objects and refs from another repository\n   pull      Fetch from and integrate with another repository or a local branch\n   push      Update remote refs along with associated objects\n\n'git help -a' and 'git help -g' list available subcommands and some\nconcept guides. See 'git help <command>' or 'git help <concept>'\nto read about a specific subcommand or concept.\nSee 'git help git' for an overview of the system.\n""
[0m18:43:48.867558 [debug] [MainThread]: STDERR: "b''"
[0m18:43:48.868562 [info ] [MainThread]:  - git [[32mOK found[0m]

[0m18:43:48.869561 [info ] [MainThread]: Connection:
[0m18:43:48.870560 [info ] [MainThread]:   host: localhost
[0m18:43:48.871568 [info ] [MainThread]:   port: 5435
[0m18:43:48.873559 [info ] [MainThread]:   user: postgres
[0m18:43:48.874558 [info ] [MainThread]:   database: postgres
[0m18:43:48.875562 [info ] [MainThread]:   schema: public
[0m18:43:48.876561 [info ] [MainThread]:   connect_timeout: 10
[0m18:43:48.878561 [info ] [MainThread]:   role: None
[0m18:43:48.880809 [info ] [MainThread]:   search_path: None
[0m18:43:48.882809 [info ] [MainThread]:   keepalives_idle: 0
[0m18:43:48.884812 [info ] [MainThread]:   sslmode: None
[0m18:43:48.885808 [info ] [MainThread]:   sslcert: None
[0m18:43:48.887808 [info ] [MainThread]:   sslkey: None
[0m18:43:48.888806 [info ] [MainThread]:   sslrootcert: None
[0m18:43:48.889808 [info ] [MainThread]:   application_name: dbt
[0m18:43:48.891122 [info ] [MainThread]:   retries: 1
[0m18:43:48.893136 [info ] [MainThread]: Registered adapter: postgres=1.8.2
[0m18:43:48.895136 [debug] [MainThread]: Acquiring new postgres connection 'debug'
[0m18:43:49.003256 [debug] [MainThread]: Using postgres connection "debug"
[0m18:43:49.004261 [debug] [MainThread]: On debug: select 1 as id
[0m18:43:49.005258 [debug] [MainThread]: Opening a new connection, currently in state init
[0m18:43:49.054785 [debug] [MainThread]: SQL status: SELECT 1 in 0.050 seconds
[0m18:43:49.055808 [debug] [MainThread]: On debug: Close
[0m18:43:49.056789 [info ] [MainThread]:   Connection test: [[32mOK connection ok[0m]

[0m18:43:49.058788 [info ] [MainThread]: [31m1 check failed:[0m
[0m18:43:49.060040 [info ] [MainThread]: Project loading failed for the following reason:
 project path <C:\Users\Acer\OneDrive\Desktop\AU\dbt\dbt-postgres\dbt_project.yml> not found

[0m18:43:49.064412 [debug] [MainThread]: Command `dbt debug` failed at 18:43:49.063408 after 0.52 seconds
[0m18:43:49.065384 [debug] [MainThread]: Connection 'debug' was properly closed.
[0m18:43:49.066380 [debug] [MainThread]: Sending event: {'category': 'dbt', 'action': 'invocation', 'label': 'end', 'context': [<snowplow_tracker.self_describing_json.SelfDescribingJson object at 0x000001C3C8E7B0D0>, <snowplow_tracker.self_describing_json.SelfDescribingJson object at 0x000001C3CB71ED10>, <snowplow_tracker.self_describing_json.SelfDescribingJson object at 0x000001C3CB71F550>]}
[0m18:43:49.066380 [debug] [MainThread]: Flushing usage events
